@2020-06-13 23:07:07:	"Get back to work"...................... < translate. in /var/www/atheos/components/sidebars/sb-right.php
@2020-06-13 23:07:07:	"administration"........................ < translate. in /var/www/atheos/components/sidebars/sb-right.php
@2020-06-13 23:19:50:	"Get back to work"...................... < translate. in /var/www/atheos/components/sidebars/sb-right.php
@2020-06-14 00:13:55:	"Get back to work"...................... < translate. in /var/www/atheos/components/sidebars/sb-right.php
@2020-06-14 00:14:14:	"Get back to work"...................... < translate. in /var/www/atheos/components/sidebars/sb-right.php
@2020-06-14 00:15:22:	"scout_searching"....................... < translate. in /var/www/atheos/components/scout/dialog.php
@2020-06-14 00:15:25:	"CodeGit"............................... < translate. in /var/www/atheos/components/codegit/dialog.php
@2020-06-14 00:15:25:	"Overview".............................. < translate. in /var/www/atheos/components/codegit/dialog.php
@2020-06-14 00:15:25:	"Log"................................... < translate. in /var/www/atheos/components/codegit/dialog.php
@2020-06-14 00:15:25:	"Transfer".............................. < translate. in /var/www/atheos/components/codegit/dialog.php
@2020-06-14 00:15:25:	"Configure"............................. < translate. in /var/www/atheos/components/codegit/dialog.php
@2020-06-14 00:16:09:	"Get back to work"...................... < translate. in /var/www/atheos/components/sidebars/sb-right.php
@2020-06-14 00:17:40:	"Get back to work"...................... < translate. in /var/www/atheos/components/sidebars/sb-right.php
@2020-06-14 00:18:10:	"Get back to work"...................... < translate. in /var/www/atheos/components/sidebars/sb-right.php
@2020-06-14 00:18:25:	"Rename"................................ < translate. in /var/www/atheos/components/filemanager/dialog.php
@2020-06-14 00:18:25:	"Directory"............................. < translate. in /var/www/atheos/components/filemanager/dialog.php
@2020-06-14 00:18:25:	"Rename"................................ < translate. in /var/www/atheos/components/filemanager/dialog.php
@2020-06-14 00:18:25:	"Cancel"................................ < translate. in /var/www/atheos/components/filemanager/dialog.php
@2020-06-14 00:19:15:	"Get back to work"...................... < translate. in /var/www/atheos/components/sidebars/sb-right.php
@2020-06-14 00:20:32:	"CodeGit"............................... < translate. in /var/www/atheos/components/codegit/dialog.php
@2020-06-14 00:20:32:	"Overview".............................. < translate. in /var/www/atheos/components/codegit/dialog.php
@2020-06-14 00:20:32:	"Log"................................... < translate. in /var/www/atheos/components/codegit/dialog.php
@2020-06-14 00:20:32:	"Transfer".............................. < translate. in /var/www/atheos/components/codegit/dialog.php
@2020-06-14 00:20:32:	"Configure"............................. < translate. in /var/www/atheos/components/codegit/dialog.php
